0 DecisionTreeClassifier(class_weight=None, criterion=u'entropy',
            max_depth=None, max_features=u'auto', max_leaf_nodes=None,
            min_samples_leaf=1, min_samples_split=2,
            min_weight_fraction_leaf=0.0, presort=False, random_state=None,
            splitter=u'best') 0.982883718075 {u'splitter': u'best', u'max_leaf_nodes': None, u'min_samples_leaf': 1, u'min_samples_split': 2, u'criterion': u'entropy', u'max_features': u'auto'} make_scorer(f1_score)
1 DecisionTreeClassifier(class_weight=None, criterion=u'gini', max_depth=None,
            max_features=None, max_leaf_nodes=None, min_samples_leaf=1,
            min_samples_split=2, min_weight_fraction_leaf=0.0,
            presort=False, random_state=None, splitter=u'random') 0.97540515244 {u'splitter': u'random', u'max_leaf_nodes': None, u'min_samples_leaf': 1, u'min_samples_split': 2, u'criterion': u'gini', u'max_features': None} make_scorer(f1_score)
2 DecisionTreeClassifier(class_weight=None, criterion=u'entropy',
            max_depth=None, max_features=None, max_leaf_nodes=None,
            min_samples_leaf=1, min_samples_split=2,
            min_weight_fraction_leaf=0.0, presort=False, random_state=None,
            splitter=u'best') 0.990148894166 {u'splitter': u'best', u'max_leaf_nodes': None, u'min_samples_leaf': 1, u'min_samples_split': 2, u'criterion': u'entropy', u'max_features': None} make_scorer(f1_score)
3 DecisionTreeClassifier(class_weight=None, criterion=u'entropy',
            max_depth=None, max_features=None, max_leaf_nodes=None,
            min_samples_leaf=1, min_samples_split=2,
            min_weight_fraction_leaf=0.0, presort=False, random_state=None,
            splitter=u'best') 0.990683657588 {u'splitter': u'best', u'max_leaf_nodes': None, u'min_samples_leaf': 1, u'min_samples_split': 2, u'criterion': u'entropy', u'max_features': None} make_scorer(f1_score)
4 DecisionTreeClassifier(class_weight=None, criterion=u'entropy',
            max_depth=None, max_features=None, max_leaf_nodes=None,
            min_samples_leaf=1, min_samples_split=2,
            min_weight_fraction_leaf=0.0, presort=False, random_state=None,
            splitter=u'best') 0.990515650715 {u'splitter': u'best', u'max_leaf_nodes': None, u'min_samples_leaf': 1, u'min_samples_split': 2, u'criterion': u'entropy', u'max_features': None} make_scorer(f1_score)
5 DecisionTreeClassifier(class_weight=None, criterion=u'gini', max_depth=None,
            max_features=u'auto', max_leaf_nodes=None, min_samples_leaf=1,
            min_samples_split=2, min_weight_fraction_leaf=0.0,
            presort=False, random_state=None, splitter=u'random') 0.92943792493 {u'splitter': u'random', u'max_leaf_nodes': None, u'min_samples_leaf': 1, u'min_samples_split': 2, u'criterion': u'gini', u'max_features': u'auto'} make_scorer(f1_score)
6 DecisionTreeClassifier(class_weight=None, criterion=u'gini', max_depth=None,
            max_features=u'auto', max_leaf_nodes=None, min_samples_leaf=1,
            min_samples_split=2, min_weight_fraction_leaf=0.0,
            presort=False, random_state=None, splitter=u'best') 0.91342165105 {u'splitter': u'best', u'max_leaf_nodes': None, u'min_samples_leaf': 1, u'min_samples_split': 2, u'criterion': u'gini', u'max_features': u'auto'} make_scorer(f1_score)
7 DecisionTreeClassifier(class_weight=None, criterion=u'gini', max_depth=None,
            max_features=None, max_leaf_nodes=None, min_samples_leaf=1,
            min_samples_split=2, min_weight_fraction_leaf=0.0,
            presort=False, random_state=None, splitter=u'best') 0.98842240714 {u'splitter': u'best', u'max_leaf_nodes': None, u'min_samples_leaf': 1, u'min_samples_split': 2, u'criterion': u'gini', u'max_features': None} make_scorer(f1_score)
8 DecisionTreeClassifier(class_weight=None, criterion=u'entropy',
            max_depth=None, max_features=None, max_leaf_nodes=None,
            min_samples_leaf=1, min_samples_split=2,
            min_weight_fraction_leaf=0.0, presort=False, random_state=None,
            splitter=u'best') 0.988158472561 {u'splitter': u'best', u'max_leaf_nodes': None, u'min_samples_leaf': 1, u'min_samples_split': 2, u'criterion': u'entropy', u'max_features': None} make_scorer(f1_score)
9 DecisionTreeClassifier(class_weight=None, criterion=u'entropy',
            max_depth=None, max_features=None, max_leaf_nodes=None,
            min_samples_leaf=1, min_samples_split=2,
            min_weight_fraction_leaf=0.0, presort=False, random_state=None,
            splitter=u'best') 0.988430106659 {u'splitter': u'best', u'max_leaf_nodes': None, u'min_samples_leaf': 1, u'min_samples_split': 2, u'criterion': u'entropy', u'max_features': None} make_scorer(f1_score)
