GaussianNB
0.941442081757 0.0371722832217
Classification Report:
Validation Score: 0.938444444444
             precision    recall  f1-score   support

          0       0.94      0.93      0.94      4500
          1       0.93      0.94      0.94      4500

avg / total       0.94      0.94      0.94      9000

MultinomialNB
Best Estimator: MultinomialNB(alpha=0.0, class_prior=None, fit_prior=True)
Best Score: 0.858253869986
Best Params: {u'alpha': 0.0, u'fit_prior': True}
Validation Score: 0.864925373134
Classification Report:
             precision    recall  f1-score   support

          0       0.81      0.99      0.89      4500
          1       0.98      0.77      0.86      4500

avg / total       0.90      0.88      0.88      9000

BernoulliNB
Best Estimator: BernoulliNB(alpha=0.5, binarize=0.0, class_prior=None, fit_prior=True)
Best Score: 0.937264860741
Best Params: {u'binarize': 0.0, u'alpha': 0.5, u'fit_prior': True}
Validation Score: 0.932930242974
Classification Report:
             precision    recall  f1-score   support

          0       0.93      0.94      0.93      4500
          1       0.94      0.93      0.93      4500

avg / total       0.93      0.93      0.93      9000

RandomForestClassifier
Best Estimator: RandomForestClassifier(bootstrap=False, class_weight=None,
            criterion=u'entropy', max_depth=None, max_features=u'sqrt',
            max_leaf_nodes=None, min_samples_leaf=1, min_samples_split=2,
            min_weight_fraction_leaf=0.0, n_estimators=15, n_jobs=1,
            oob_score=False, random_state=None, verbose=0,
            warm_start=False)
Best Score: 0.996291192019
Best Params: {u'max_features': u'sqrt', u'n_estimators': 15, u'bootstrap': False, u'criterion': u'entropy', u'max_depth': None}
Validation Score: 0.9957759004
Classification Report:
             precision    recall  f1-score   support

          0       1.00      1.00      1.00      4500
          1       1.00      1.00      1.00      4500

avg / total       1.00      1.00      1.00      9000

